0 0 0 18.75 18.75 0 0 0
0 0 0 16.875 16.875 0 0 0
0 0 0 15 15 0 0 0
0 0 0 13.125 13.125 0 0 0
0 0 0 11.25 11.25 0 0 0
0 0 0 9.375 9.375 0 0 0
0 0 0 7.5 7.5 0 0 0
0 0 0 5.625 5.625 0 0 0

0 0 0 0 0 0 0 0
0 0 0 0 0 0 0 0
0 0 0 0 0 0 0 0
2.678571428571429 2.410714285714286 2.1428571428571432 1.875 1.6071428571428572 1.3392857142857144 1.0714285714285716 0.8035714285714286
2.678571428571429 2.410714285714286 2.1428571428571432 1.875 1.6071428571428572 1.3392857142857144 1.0714285714285716 0.8035714285714286
0 0 0 0 0 0 0 0
0 0 0 0 0 0 0 0
0 0 0 0 0 0 0 0

0 0 0 0 0 0 0 0
0 0 0 0 0 0 0 0
0 0 0 0 0 0 0 0
0 0 0 0 0 0 0 0
0 0 0 0 0 0 0 0
0 0 0 0 0 0 0 0
0 0 0 0 0 0 0 0
0 0 0 0 0 0 0 0

0 0 0 0 0 0 0 0
0 0 0 0 0 0 0 0
0 0 0 0 0 0 0 0
0 0 0 0 0 0 0 0
0 0 0 0 0 0 0 0
0 0 0 0 0 0 0 0
0 0 0 0 0 0 0 0
0 0 0 0 0 0 0 0

0 0 0 0 0 0 0 0.38265306122448983
0 0 0 0 0 0 0.34438775510204084 0.38265306122448983
0 0 0 0 0 0.3061224489795919 0.34438775510204084 0
0 0 0 0 0.26785714285714285 0.3061224489795919 0 0
0 0 0 0.22959183673469388 0.26785714285714285 0 0 0
0 0 0.19132653061224492 0.22959183673469388 0 0 0 0
0 0.15306122448979595 0.19132653061224492 0 0 0 0 0
0.11479591836734694 0.15306122448979595 0 0 0 0 0 0
